app/build/outputs/logs/manifest-merger-release-report.txt
-- Merging decision tree log ---
manifest
ADDED from src\main\AndroidManifest.xml:2:1-251:12
INJECTED from src\main\AndroidManifest.xml:2:1-251:12
INJECTED from src\main\AndroidManifest.xml:2:1-251:12
INJECTED from src\main\AndroidManifest.xml:2:1-251:12
MERGED from [com.github.LZHS:LZHSLibary:lzhs_1.0.6] AndroidManifest.xml:2:1-29:12
MERGED from [com.android.support:design:27.0.2] AndroidManifest.xml:17:1-22:12
MERGED from [com.android.support:appcompat-v7:27.0.2] AndroidManifest.xml:17:1-22:12
MERGED from [com.android.support.constraint:constraint-layout:1.1.0] AndroidManifest.xml:2:1-11:12
MERGED from [com.lcodecorex:tkrefreshlayout:1.0.7] AndroidManifest.xml:2:1-17:12
MERGED from [com.android.support:support-v4:27.0.2] AndroidManifest.xml:17:1-22:12
MERGED from [com.android.support:support-fragment:27.0.2] AndroidManifest.xml:17:1-22:12
MERGED from [com.android.support:support-core-utils:27.0.2] AndroidManifest.xml:17:1-22:12
MERGED from [com.android.support:animated-vector-drawable:27.0.2] AndroidManifest.xml:17:1-22:12
MERGED from [com.android.support:support-vector-drawable:27.0.2] AndroidManifest.xml:17:1-22:12
MERGED from [com.android.support:recyclerview-v7:27.0.2] AndroidManifest.xml:17:1-22:12
MERGED from [com.android.support:support-core-ui:27.0.2] AndroidManifest.xml:17:1-22:12
MERGED from [com.android.support:transition:27.0.2] AndroidManifest.xml:17:1-22:12
MERGED from [com.android.support:support-media-compat:27.0.2] AndroidManifest.xml:17:1-22:12
MERGED from [com.android.support:support-compat:27.0.2] AndroidManifest.xml:17:1-22:12
MERGED from [android.arch.lifecycle:runtime:1.0.3] AndroidManifest.xml:17:1-24:12
INJECTED from src\main\AndroidManifest.xml:2:1-251:12
INJECTED from src\main\AndroidManifest.xml:2:1-251:12
INJECTED from src\main\AndroidManifest.xml:2:1-251:12
	package
		ADDED from src\main\AndroidManifest.xml:4:5-30
		INJECTED from src\main\AndroidManifest.xml
		INJECTED from src\main\AndroidManifest.xml
	android:versionName
		ADDED from src\main\AndroidManifest.xml:6:5-32
		INJECTED from src\main\AndroidManifest.xml
		INJECTED from src\main\AndroidManifest.xml
	xmlns:tools
		ADDED from src\main\AndroidManifest.xml:3:5-51
	xmlns:android
		ADDED from src\main\AndroidManifest.xml:2:11-69
	android:versionCode
		ADDED from src\main\AndroidManifest.xml:5:5-35
		INJECTED from src\main\AndroidManifest.xml
		INJECTED from src\main\AndroidManifest.xml
uses-permission#android.permission.INTERNET
ADDED from src\main\AndroidManifest.xml:10:5-67
	android:name
		ADDED from src\main\AndroidManifest.xml:10:22-64
uses-permission#android.permission.MOUNT_UNMOUNT_FILESYSTEMS
ADDED from src\main\AndroidManifest.xml:11:5-84
	android:name
		ADDED from src\main\AndroidManifest.xml:11:22-81
uses-permission#android.permission.WRITE_EXTERNAL_STORAGE
ADDED from src\main\AndroidManifest.xml:12:5-81
	android:name
		ADDED from src\main\AndroidManifest.xml:12:22-78
uses-permission#android.permission.GET_ACCOUNTS
ADDED from src\main\AndroidManifest.xml:13:5-71
	android:name
		ADDED from src\main\AndroidManifest.xml:13:22-68
uses-permission#android.permission.CALL_PHONE
ADDED from src\main\AndroidManifest.xml:14:5-69
	android:name
		ADDED from src\main\AndroidManifest.xml:14:22-66
uses-permission#android.permission.READ_PROFILE
ADDED from src\main\AndroidManifest.xml:15:5-71
	android:name
		ADDED from src\main\AndroidManifest.xml:15:22-68
uses-permission#android.permission.READ_CONTACTS
ADDED from src\main\AndroidManifest.xml:16:5-72
	android:name
		ADDED from src\main\AndroidManifest.xml:16:22-69
uses-permission#android.permission.READ_PHONE_STATE
ADDED from src\main\AndroidManifest.xml:17:5-75
	android:name
		ADDED from src\main\AndroidManifest.xml:17:22-72
uses-permission#android.permission.ACCESS_NETWORK_STATE
ADDED from src\main\AndroidManifest.xml:18:5-79
	android:name
		ADDED from src\main\AndroidManifest.xml:18:22-76
uses-permission#android.permission.ACCESS_WIFI_STATE
ADDED from src\main\AndroidManifest.xml:19:5-76
	android:name
		ADDED from src\main\AndroidManifest.xml:19:22-73
uses-permission#android.permission.CHANGE_WIFI_STATE
ADDED from src\main\AndroidManifest.xml:20:5-76
	android:name
		ADDED from src\main\AndroidManifest.xml:20:22-73
uses-permission#android.permission.VIBRATE
ADDED from src\main\AndroidManifest.xml:21:5-66
	android:name
		ADDED from src\main\AndroidManifest.xml:21:22-63
uses-permission#android.permission.ACCESS_FINE_LOCATION
ADDED from src\main\AndroidManifest.xml:22:5-79
	android:name
		ADDED from src\main\AndroidManifest.xml:22:22-76
uses-permission#android.permission.WAKE_LOCK
ADDED from src\main\AndroidManifest.xml:23:5-68
	android:name
		ADDED from src\main\AndroidManifest.xml:23:22-65
uses-permission#android.permission.READ_EXTERNAL_STORAGE
ADDED from src\main\AndroidManifest.xml:24:5-80
	android:name
		ADDED from src\main\AndroidManifest.xml:24:22-77
uses-permission#android.permission.BLUETOOTH
ADDED from src\main\AndroidManifest.xml:26:5-68
	android:name
		ADDED from src\main\AndroidManifest.xml:26:22-65
uses-permission#android.permission.BLUETOOTH_ADMIN
ADDED from src\main\AndroidManifest.xml:27:5-74
	android:name
		ADDED from src\main\AndroidManifest.xml:27:22-71
uses-permission#android.permission.CHANGE_NETWORK_STATE
ADDED from src\main\AndroidManifest.xml:33:5-79
	android:name
		ADDED from src\main\AndroidManifest.xml:33:22-76
uses-permission#android.permission.CAMERA
ADDED from src\main\AndroidManifest.xml:35:5-65
	android:name
		ADDED from src\main\AndroidManifest.xml:35:22-62
uses-permission#android.permission.ACCESS_COARSE_LOCATION
ADDED from src\main\AndroidManifest.xml:37:5-81
	android:name
		ADDED from src\main\AndroidManifest.xml:37:22-78
uses-permission#android.permission.WRITE_EXTERNAL_STORAGE 
ADDED from src\main\AndroidManifest.xml:61:5-82
	android:name
		ADDED from src\main\AndroidManifest.xml:61:22-79
uses-permission#android.permission.PACKAGE_USAGE_STATS
ADDED from src\main\AndroidManifest.xml:62:5-64:47
	tools:ignore
		ADDED from src\main\AndroidManifest.xml:64:9-44
	android:name
		ADDED from src\main\AndroidManifest.xml:63:9-62
application
ADDED from src\main\AndroidManifest.xml:66:5-249:19
MERGED from [com.github.LZHS:LZHSLibary:lzhs_1.0.6] AndroidManifest.xml:11:5-27:19
MERGED from [com.github.LZHS:LZHSLibary:lzhs_1.0.6] AndroidManifest.xml:11:5-27:19
MERGED from [com.android.support.constraint:constraint-layout:1.1.0] AndroidManifest.xml:9:5-20
MERGED from [com.android.support.constraint:constraint-layout:1.1.0] AndroidManifest.xml:9:5-20
MERGED from [com.lcodecorex:tkrefreshlayout:1.0.7] AndroidManifest.xml:11:5-15:19
MERGED from [com.lcodecorex:tkrefreshlayout:1.0.7] AndroidManifest.xml:11:5-15:19
	android:supportsRtl
		ADDED from [com.lcodecorex:tkrefreshlayout:1.0.7] AndroidManifest.xml:14:9-35
	android:label
		ADDED from src\main\AndroidManifest.xml:70:9-41
	android:icon
		ADDED from src\main\AndroidManifest.xml:69:9-38
	android:allowBackup
		ADDED from src\main\AndroidManifest.xml:68:9-36
		REJECTED from [com.lcodecorex:tkrefreshlayout:1.0.7] AndroidManifest.xml:12:9-35
	android:theme
		ADDED from src\main\AndroidManifest.xml:71:9-62
	tools:replace
		ADDED from src\main\AndroidManifest.xml:72:9-44
	android:name
		ADDED from src\main\AndroidManifest.xml:67:9-45
meta-data#com.baidu.lbsapi.API_KEY
ADDED from src\main\AndroidManifest.xml:74:9-76:74
	android:value
		ADDED from src\main\AndroidManifest.xml:76:13-61
	android:name
		ADDED from src\main\AndroidManifest.xml:75:13-52
service#com.baidu.location.f
ADDED from src\main\AndroidManifest.xml:77:9-80:49
	android:process
		ADDED from src\main\AndroidManifest.xml:80:13-38
	android:enabled
		ADDED from src\main\AndroidManifest.xml:79:13-35
	android:name
		ADDED from src\main\AndroidManifest.xml:78:13-48
activity#com.yw.platform.activity.WelcomeActivity
ADDED from src\main\AndroidManifest.xml:81:9-84:74
	android:screenOrientation
		ADDED from src\main\AndroidManifest.xml:83:13-49
	android:theme
		ADDED from src\main\AndroidManifest.xml:84:13-71
	android:name
		ADDED from src\main\AndroidManifest.xml:82:13-53
activity#com.yw.platform.activity.SettingActivity
ADDED from src\main\AndroidManifest.xml:91:9-94:70
	android:screenOrientation
		ADDED from src\main\AndroidManifest.xml:93:13-49
	android:windowSoftInputMode
		ADDED from src\main\AndroidManifest.xml:94:13-67
	android:name
		ADDED from src\main\AndroidManifest.xml:92:13-53
activity#com.yw.platform.activity.SetActivity
ADDED from src\main\AndroidManifest.xml:95:9-98:70
	android:screenOrientation
		ADDED from src\main\AndroidManifest.xml:97:13-49
	android:windowSoftInputMode
		ADDED from src\main\AndroidManifest.xml:98:13-67
	android:name
		ADDED from src\main\AndroidManifest.xml:96:13-49
activity#com.yw.platform.activity.ValidateActivity
ADDED from src\main\AndroidManifest.xml:99:9-103:68
	android:screenOrientation
		ADDED from src\main\AndroidManifest.xml:101:13-49
	android:windowSoftInputMode
		ADDED from src\main\AndroidManifest.xml:103:13-65
	android:theme
		ADDED from src\main\AndroidManifest.xml:102:13-72
	android:name
		ADDED from src\main\AndroidManifest.xml:100:13-54
activity#com.yw.platform.activity.ChangePwActivity
ADDED from src\main\AndroidManifest.xml:104:9-107:70
	android:screenOrientation
		ADDED from src\main\AndroidManifest.xml:106:13-49
	android:windowSoftInputMode
		ADDED from src\main\AndroidManifest.xml:107:13-67
	android:name
		ADDED from src\main\AndroidManifest.xml:105:13-54
activity#com.yw.platform.activity.VpnUserSetActivity
ADDED from src\main\AndroidManifest.xml:108:9-111:70
	android:screenOrientation
		ADDED from src\main\AndroidManifest.xml:110:13-49
	android:windowSoftInputMode
		ADDED from src\main\AndroidManifest.xml:111:13-67
	android:name
		ADDED from src\main\AndroidManifest.xml:109:13-56
activity#com.yw.platform.activity.MainActivity
ADDED from src\main\AndroidManifest.xml:112:9-115:70
	android:screenOrientation
		ADDED from src\main\AndroidManifest.xml:114:13-49
	android:windowSoftInputMode
		ADDED from src\main\AndroidManifest.xml:115:13-67
	android:name
		ADDED from src\main\AndroidManifest.xml:113:13-50
activity#com.yw.platform.activity.UCAppActivity
ADDED from src\main\AndroidManifest.xml:116:9-119:70
	android:screenOrientation
		ADDED from src\main\AndroidManifest.xml:118:13-49
	android:windowSoftInputMode
		ADDED from src\main\AndroidManifest.xml:119:13-67
	android:name
		ADDED from src\main\AndroidManifest.xml:117:13-51
activity#com.yw.platform.activity.WebAppActivity
ADDED from src\main\AndroidManifest.xml:120:9-123:70
	android:screenOrientation
		ADDED from src\main\AndroidManifest.xml:122:13-49
	android:windowSoftInputMode
		ADDED from src\main\AndroidManifest.xml:123:13-67
	android:name
		ADDED from src\main\AndroidManifest.xml:121:13-52
activity#com.yw.platform.activity.ShowPicActivity
ADDED from src\main\AndroidManifest.xml:124:9-127:48
	android:screenOrientation
		ADDED from src\main\AndroidManifest.xml:127:13-45
	android:configChanges
		ADDED from src\main\AndroidManifest.xml:126:13-74
	android:name
		ADDED from src\main\AndroidManifest.xml:125:13-53
activity#com.yw.platform.activity.ShowZipActivity
ADDED from src\main\AndroidManifest.xml:128:9-131:52
	android:screenOrientation
		ADDED from src\main\AndroidManifest.xml:131:13-49
	android:configChanges
		ADDED from src\main\AndroidManifest.xml:130:13-74
	android:name
		ADDED from src\main\AndroidManifest.xml:129:13-53
activity#com.yw.platform.activity.NewShowTxtActivity
ADDED from src\main\AndroidManifest.xml:132:9-134:77
	android:configChanges
		ADDED from src\main\AndroidManifest.xml:134:13-74
	android:name
		ADDED from src\main\AndroidManifest.xml:133:13-56
activity#com.artifex.mupdf.MuPDFActivity
ADDED from src\main\AndroidManifest.xml:135:9-137:77
	android:configChanges
		ADDED from src\main\AndroidManifest.xml:137:13-74
	android:name
		ADDED from src\main\AndroidManifest.xml:136:13-59
activity#com.ec.avirtualapp.controller.VpassSessionActivity
ADDED from src\main\AndroidManifest.xml:138:9-142:58
	android:windowSoftInputMode
		ADDED from src\main\AndroidManifest.xml:142:13-55
	android:configChanges
		ADDED from src\main\AndroidManifest.xml:140:13-74
	android:theme
		ADDED from src\main\AndroidManifest.xml:141:13-60
	android:name
		ADDED from src\main\AndroidManifest.xml:139:13-78
activity#com.yw.platform.activity.SetLockActivity
ADDED from src\main\AndroidManifest.xml:143:9-145:52
	android:screenOrientation
		ADDED from src\main\AndroidManifest.xml:145:13-49
	android:name
		ADDED from src\main\AndroidManifest.xml:144:13-53
service#com.yw.platform.download.DownloadService
ADDED from src\main\AndroidManifest.xml:147:9-151:19
	android:name
		ADDED from src\main\AndroidManifest.xml:147:18-58
intent-filter#action:name:download.service.action
ADDED from src\main\AndroidManifest.xml:148:13-150:29
action#download.service.action
ADDED from src\main\AndroidManifest.xml:149:17-66
	android:name
		ADDED from src\main\AndroidManifest.xml:149:25-63
service#com.yw.platform.test.AppLockerService
ADDED from src\main\AndroidManifest.xml:152:9-58
	android:name
		ADDED from src\main\AndroidManifest.xml:152:18-55
receiver#com.yw.platform.broadcastReceiver.InstallOrUninstallReceiver
ADDED from src\main\AndroidManifest.xml:154:9-161:20
	android:name
		ADDED from src\main\AndroidManifest.xml:154:19-79
intent-filter#action:name:android.intent.action.PACKAGE_ADDED+action:name:android.intent.action.PACKAGE_REMOVED+data:scheme:package
ADDED from src\main\AndroidManifest.xml:155:13-160:29
action#android.intent.action.PACKAGE_ADDED
ADDED from src\main\AndroidManifest.xml:156:17-78
	android:name
		ADDED from src\main\AndroidManifest.xml:156:25-75
action#android.intent.action.PACKAGE_REMOVED
ADDED from src\main\AndroidManifest.xml:157:17-80
	android:name
		ADDED from src\main\AndroidManifest.xml:157:25-77
data
ADDED from src\main\AndroidManifest.xml:159:17-50
	android:scheme
		ADDED from src\main\AndroidManifest.xml:159:23-47
receiver#com.yw.platform.broadcastReceiver.AdminReceiver
ADDED from src\main\AndroidManifest.xml:162:9-174:20
	android:label
		ADDED from src\main\AndroidManifest.xml:165:13-35
	android:permission
		ADDED from src\main\AndroidManifest.xml:166:13-70
	android:description
		ADDED from src\main\AndroidManifest.xml:164:13-74
	android:name
		ADDED from src\main\AndroidManifest.xml:163:13-60
meta-data#android.app.device_admin
ADDED from src\main\AndroidManifest.xml:167:13-169:55
	android:resource
		ADDED from src\main\AndroidManifest.xml:169:17-52
	android:name
		ADDED from src\main\AndroidManifest.xml:168:17-56
intent-filter#action:name:android.app.action.DEVICE_ADMIN_ENABLED
ADDED from src\main\AndroidManifest.xml:171:13-173:29
action#android.app.action.DEVICE_ADMIN_ENABLED
ADDED from src\main\AndroidManifest.xml:172:17-82
	android:name
		ADDED from src\main\AndroidManifest.xml:172:25-79
receiver#com.yw.platform.broadcastReceiver.BluetoothBroadcastReceiver
ADDED from src\main\AndroidManifest.xml:175:9-179:20
	android:name
		ADDED from src\main\AndroidManifest.xml:175:19-79
intent-filter#action:name:android.bluetooth.adapter.action.STATE_CHANGED
ADDED from src\main\AndroidManifest.xml:176:13-178:29
action#android.bluetooth.adapter.action.STATE_CHANGED
ADDED from src\main\AndroidManifest.xml:177:17-89
	android:name
		ADDED from src\main\AndroidManifest.xml:177:25-86
receiver#com.yw.platform.broadcastReceiver.NetworkConnectChangedReceiver
ADDED from src\main\AndroidManifest.xml:180:9-186:20
	android:name
		ADDED from src\main\AndroidManifest.xml:180:19-82
intent-filter#action:name:android.net.conn.CONNECTIVITY_CHANGE+action:name:android.net.wifi.STATE_CHANGE+action:name:android.net.wifi.WIFI_STATE_CHANGED
ADDED from src\main\AndroidManifest.xml:181:13-185:29
action#android.net.conn.CONNECTIVITY_CHANGE
ADDED from src\main\AndroidManifest.xml:182:17-79
	android:name
		ADDED from src\main\AndroidManifest.xml:182:25-76
action#android.net.wifi.WIFI_STATE_CHANGED
ADDED from src\main\AndroidManifest.xml:183:17-78
	android:name
		ADDED from src\main\AndroidManifest.xml:183:25-75
action#android.net.wifi.STATE_CHANGE
ADDED from src\main\AndroidManifest.xml:184:17-72
	android:name
		ADDED from src\main\AndroidManifest.xml:184:25-69
receiver#com.yw.platform.broadcastReceiver.ScreenBroadcastReceiver
ADDED from src\main\AndroidManifest.xml:187:9-191:20
	android:name
		ADDED from src\main\AndroidManifest.xml:187:19-76
intent-filter#action:name:android.intent.action.SCREEN_OFF
ADDED from src\main\AndroidManifest.xml:188:13-190:29
action#android.intent.action.SCREEN_OFF
ADDED from src\main\AndroidManifest.xml:189:17-75
	android:name
		ADDED from src\main\AndroidManifest.xml:189:25-72
activity#com.yw.platform.activity.RegisterActivity
ADDED from src\main\AndroidManifest.xml:199:9-63
	android:name
		ADDED from src\main\AndroidManifest.xml:199:19-60
activity#com.yw.platform.test.TestActivity
ADDED from src\main\AndroidManifest.xml:200:9-55
	android:name
		ADDED from src\main\AndroidManifest.xml:200:19-52
activity#com.yw.platform.test.AppsetActvitiy
ADDED from src\main\AndroidManifest.xml:201:9-57
	android:name
		ADDED from src\main\AndroidManifest.xml:201:19-54
activity#com.yw.platform.ui.activity.AppLockerActivity
ADDED from src\main\AndroidManifest.xml:204:9-208:49
	android:excludeFromRecents
		ADDED from src\main\AndroidManifest.xml:206:13-46
	android:launchMode
		ADDED from src\main\AndroidManifest.xml:207:13-42
	android:taskAffinity
		ADDED from src\main\AndroidManifest.xml:208:13-46
	android:name
		ADDED from src\main\AndroidManifest.xml:205:13-58
service#com.yw.platform.yhtext.netty.NettyService
ADDED from src\main\AndroidManifest.xml:219:9-62
	android:name
		ADDED from src\main\AndroidManifest.xml:219:18-59
activity#com.yw.platform.yhtext.TextActivity
ADDED from src\main\AndroidManifest.xml:221:9-225:20
	android:theme
		ADDED from src\main\AndroidManifest.xml:223:13-69
	android:name
		ADDED from src\main\AndroidManifest.xml:222:13-48
activity#com.yw.platform.yhtext.activity.LoginActivity
ADDED from src\main\AndroidManifest.xml:227:9-235:20
	android:theme
		ADDED from src\main\AndroidManifest.xml:229:13-69
	android:name
		ADDED from src\main\AndroidManifest.xml:228:13-58
intent-filter#action:name:android.intent.action.MAIN+category:name:android.intent.category.LAUNCHER
ADDED from src\main\AndroidManifest.xml:230:13-234:29
action#android.intent.action.MAIN
ADDED from src\main\AndroidManifest.xml:231:17-69
	android:name
		ADDED from src\main\AndroidManifest.xml:231:25-66
category#android.intent.category.LAUNCHER
ADDED from src\main\AndroidManifest.xml:233:17-77
	android:name
		ADDED from src\main\AndroidManifest.xml:233:27-74
activity#com.yw.platform.ui.activity.MainNewActivity
ADDED from src\main\AndroidManifest.xml:236:9-65
	android:name
		ADDED from src\main\AndroidManifest.xml:236:19-62
activity#com.yw.platform.ui.activity.WebAppNewActivity
ADDED from src\main\AndroidManifest.xml:237:9-67
	android:name
		ADDED from src\main\AndroidManifest.xml:237:19-64
activity#com.yw.platform.yhtext.utils.HelloActivity
ADDED from src\main\AndroidManifest.xml:238:9-242:20
	android:theme
		ADDED from src\main\AndroidManifest.xml:240:13-69
	android:name
		ADDED from src\main\AndroidManifest.xml:239:13-55
activity#com.yw.platform.yhtext.activity.DocumentListActivity
ADDED from src\main\AndroidManifest.xml:243:9-245:81
	android:theme
		ADDED from src\main\AndroidManifest.xml:245:13-69
	android:name
		ADDED from src\main\AndroidManifest.xml:244:13-65
activity#com.yw.platform.yhtext.activity.WebViewActivity
ADDED from src\main\AndroidManifest.xml:246:9-248:81
	android:theme
		ADDED from src\main\AndroidManifest.xml:248:13-69
	android:name
		ADDED from src\main\AndroidManifest.xml:247:13-60
uses-sdk
INJECTED from src\main\AndroidManifest.xml reason: use-sdk injection requested
INJECTED from src\main\AndroidManifest.xml
INJECTED from src\main\AndroidManifest.xml
MERGED from [com.github.LZHS:LZHSLibary:lzhs_1.0.6] AndroidManifest.xml:7:5-9:41
MERGED from [com.github.LZHS:LZHSLibary:lzhs_1.0.6] AndroidManifest.xml:7:5-9:41
MERGED from [com.android.support:design:27.0.2] AndroidManifest.xml:20:5-44
MERGED from [com.android.support:design:27.0.2] AndroidManifest.xml:20:5-44
MERGED from [com.android.support:appcompat-v7:27.0.2] AndroidManifest.xml:20:5-44
MERGED from [com.android.support:appcompat-v7:27.0.2] AndroidManifest.xml:20:5-44
MERGED from [com.android.support.constraint:constraint-layout:1.1.0] AndroidManifest.xml:5:5-7:41
MERGED from [com.android.support.constraint:constraint-layout:1.1.0] AndroidManifest.xml:5:5-7:41
MERGED from [com.lcodecorex:tkrefreshlayout:1.0.7] AndroidManifest.xml:7:5-9:41
MERGED from [com.lcodecorex:tkrefreshlayout:1.0.7] AndroidManifest.xml:7:5-9:41
MERGED from [com.android.support:support-v4:27.0.2] AndroidManifest.xml:20:5-44
MERGED from [com.android.support:support-v4:27.0.2] AndroidManifest.xml:20:5-44
MERGED from [com.android.support:support-fragment:27.0.2] AndroidManifest.xml:20:5-44
MERGED from [com.android.support:support-fragment:27.0.2] AndroidManifest.xml:20:5-44
MERGED from [com.android.support:support-core-utils:27.0.2] AndroidManifest.xml:20:5-44
MERGED from [com.android.support:support-core-utils:27.0.2] AndroidManifest.xml:20:5-44
MERGED from [com.android.support:animated-vector-drawable:27.0.2] AndroidManifest.xml:20:5-44
MERGED from [com.android.support:animated-vector-drawable:27.0.2] AndroidManifest.xml:20:5-44
MERGED from [com.android.support:support-vector-drawable:27.0.2] AndroidManifest.xml:20:5-44
MERGED from [com.android.support:support-vector-drawable:27.0.2] AndroidManifest.xml:20:5-44
MERGED from [com.android.support:recyclerview-v7:27.0.2] AndroidManifest.xml:20:5-44
MERGED from [com.android.support:recyclerview-v7:27.0.2] AndroidManifest.xml:20:5-44
MERGED from [com.android.support:support-core-ui:27.0.2] AndroidManifest.xml:20:5-44
MERGED from [com.android.support:support-core-ui:27.0.2] AndroidManifest.xml:20:5-44
MERGED from [com.android.support:transition:27.0.2] AndroidManifest.xml:20:5-44
MERGED from [com.android.support:transition:27.0.2] AndroidManifest.xml:20:5-44
MERGED from [com.android.support:support-media-compat:27.0.2] AndroidManifest.xml:20:5-44
MERGED from [com.android.support:support-media-compat:27.0.2] AndroidManifest.xml:20:5-44
MERGED from [com.android.support:support-compat:27.0.2] AndroidManifest.xml:20:5-44
MERGED from [com.android.support:support-compat:27.0.2] AndroidManifest.xml:20:5-44
MERGED from [android.arch.lifecycle:runtime:1.0.3] AndroidManifest.xml:20:5-22:41
MERGED from [android.arch.lifecycle:runtime:1.0.3] AndroidManifest.xml:20:5-22:41
INJECTED from src\main\AndroidManifest.xml
INJECTED from src\main\AndroidManifest.xml
	android:targetSdkVersion
		INJECTED from src\main\AndroidManifest.xml
		ADDED from src\main\AndroidManifest.xml
		INJECTED from src\main\AndroidManifest.xml
	android:minSdkVersion
		INJECTED from src\main\AndroidManifest.xml
		ADDED from src\main\AndroidManifest.xml
		INJECTED from src\main\AndroidManifest.xml
activity#lzhs.com.library.wedgit.permission.PermissionUtils$PermissionActivity
ADDED from [com.github.LZHS:LZHSLibary:lzhs_1.0.6] AndroidManifest.xml:14:9-19:75
	android:multiprocess
		ADDED from [com.github.LZHS:LZHSLibary:lzhs_1.0.6] AndroidManifest.xml:17:13-40
	android:windowSoftInputMode
		ADDED from [com.github.LZHS:LZHSLibary:lzhs_1.0.6] AndroidManifest.xml:19:13-72
	android:configChanges
		ADDED from [com.github.LZHS:LZHSLibary:lzhs_1.0.6] AndroidManifest.xml:16:13-74
	android:theme
		ADDED from [com.github.LZHS:LZHSLibary:lzhs_1.0.6] AndroidManifest.xml:18:13-55
	android:name
		ADDED from [com.github.LZHS:LZHSLibary:lzhs_1.0.6] AndroidManifest.xml:15:13-97
meta-data#design_width
ADDED from [com.github.LZHS:LZHSLibary:lzhs_1.0.6] AndroidManifest.xml:21:9-23:35
	android:value
		ADDED from [com.github.LZHS:LZHSLibary:lzhs_1.0.6] AndroidManifest.xml:23:13-32
	android:name
		ADDED from [com.github.LZHS:LZHSLibary:lzhs_1.0.6] AndroidManifest.xml:22:13-40
meta-data#design_height
ADDED from [com.github.LZHS:LZHSLibary:lzhs_1.0.6] AndroidManifest.xml:24:9-26:36
	android:value
		ADDED from [com.github.LZHS:LZHSLibary:lzhs_1.0.6] AndroidManifest.xml:26:13-33
	android:name
		ADDED from [com.github.LZHS:LZHSLibary:lzhs_1.0.6] AndroidManifest.xml:25:13-41